<?xml version="1.0" encoding="UTF-8"?>
<!-- Generated by org.testng.reporters.JUnitReportReporter -->
<testsuite hostname="SRINIVAS-G2005" failures="0" tests="1" name="internetHerokuApp.Handling_KeyPresses" time="0.893" errors="0" timestamp="2025-03-23T17:15:56 IST" skipped="0">
  <testcase classname="internetHerokuApp.Handling_KeyPresses" name="keyPresses" time="0.893"/>
</testsuite> <!-- internetHerokuApp.Handling_KeyPresses -->
