<?xml version="1.0" encoding="UTF-8"?>
<!-- Generated by org.testng.reporters.JUnitReportReporter -->
<testsuite hostname="SRINIVAS-G2005" failures="0" tests="1" name="seleniumDev.HandlingKeyBoard_Shortcuts" time="14.106" errors="0" timestamp="2025-07-23T21:53:43 IST" skipped="0">
  <testcase classname="seleniumDev.HandlingKeyBoard_Shortcuts" name="keyBoardShortCuts" time="14.106"/>
</testsuite> <!-- seleniumDev.HandlingKeyBoard_Shortcuts -->
